C:\Users\RP-Fl\GitHub\ToetsDEA\opdracht1>mvn test
[INFO] Scanning for projects...
[INFO]
[INFO] -------------------< oose.rowanpaulflynn:opdracht1 >--------------------
[INFO] Building opdracht1 1.0
[INFO] --------------------------------[ jar ]---------------------------------
[INFO]
[INFO] --- maven-resources-plugin:3.0.2:resources (default-resources) @ opdracht1 ---
[INFO] Using 'UTF-8' encoding to copy filtered resources.
[INFO] skip non existing resourceDirectory C:\Users\RP-Fl\GitHub\ToetsDEA\opdracht1\src\main\resources
[INFO]
[INFO] --- maven-compiler-plugin:3.8.0:compile (default-compile) @ opdracht1 ---
[INFO] Changes detected - recompiling the module!
[INFO] Compiling 5 source files to C:\Users\RP-Fl\GitHub\ToetsDEA\opdracht1\target\classes
[INFO]
[INFO] --- maven-resources-plugin:3.0.2:testResources (default-testResources) @ opdracht1 ---
[INFO] Using 'UTF-8' encoding to copy filtered resources.
[INFO] skip non existing resourceDirectory C:\Users\RP-Fl\GitHub\ToetsDEA\opdracht1\src\test\resources
[INFO]
[INFO] --- maven-compiler-plugin:3.8.0:testCompile (default-testCompile) @ opdracht1 ---
[INFO] Changes detected - recompiling the module!
[INFO] Compiling 1 source file to C:\Users\RP-Fl\GitHub\ToetsDEA\opdracht1\target\test-classes
[INFO]
[INFO] --- maven-surefire-plugin:2.22.1:test (default-test) @ opdracht1 ---
[INFO]
[INFO] -------------------------------------------------------
[INFO]  T E S T S
[INFO] -------------------------------------------------------
[INFO] Running oose.rowanpaulflynn.BoxTest
[INFO] Tests run: 4, Failures: 0, Errors: 0, Skipped: 0, Time elapsed: 0.045 s - in oose.rowanpaulflynn.BoxTest
[INFO]
[INFO] Results:
[INFO]
[INFO] Tests run: 4, Failures: 0, Errors: 0, Skipped: 0
[INFO]
[INFO] ------------------------------------------------------------------------
[INFO] BUILD SUCCESS
[INFO] ------------------------------------------------------------------------
[INFO] Total time:  8.276 s
[INFO] Finished at: 2021-05-19T14:29:44+02:00
[INFO] ------------------------------------------------------------------------